<?xml version="1.0" encoding="UTF-8"?>
<testsuite xmlns:xsi="http://www.w3.org/2001/XMLSchema-instance" xsi:noNamespaceSchemaLocation="https://maven.apache.org/surefire/maven-surefire-plugin/xsd/surefire-test-report-3.0.xsd" version="3.0" name="org.hdivsamples.controllers.DashboardControllerTest" time="0.875" tests="1" errors="0" skipped="0" failures="0">
  <properties>
[...]
</properties>
  <testcase name="userDetail" classname="org.hdivsamples.controllers.DashboardControllerTest" time="0.03">
    <system-err><![CDATA[Aug 22, 2025 6:07:40 PM org.springframework.test.context.web.WebTestContextBootstrapper getDefaultTestExecutionListenerClassNames
INFO: Loaded default TestExecutionListener class names from location [META-INF/spring.factories]: [org.springframework.test.context.web.ServletTestExecutionListener, org.springframework.test.context.support.DirtiesContextBeforeModesTestExecutionListener, org.springframework.test.context.support.DependencyInjectionTestExecutionListener, org.springframework.test.context.support.DirtiesContextTestExecutionListener, org.springframework.test.context.transaction.TransactionalTestExecutionListener, org.springframework.test.context.jdbc.SqlScriptsTestExecutionListener]
Aug 22, 2025 6:07:40 PM org.springframework.test.context.web.WebTestContextBootstrapper getTestExecutionListeners
INFO: Using TestExecutionListeners: [org.springframework.test.context.web.ServletTestExecutionListener@4206a205, org.springframework.test.context.support.DirtiesContextBeforeModesTestExecutionListener@29ba4338, org.springframework.test.context.support.DependencyInjectionTestExecutionListener@57175e74, org.springframework.test.context.support.DirtiesContextTestExecutionListener@7bb58ca3, org.springframework.test.context.transaction.TransactionalTestExecutionListener@c540f5a, org.springframework.test.context.jdbc.SqlScriptsTestExecutionListener@770c2e6b]
Aug 22, 2025 6:07:40 PM org.springframework.web.context.support.GenericWebApplicationContext prepareRefresh
INFO: Refreshing org.springframework.web.context.support.GenericWebApplicationContext@a4102b8: startup date [Fri Aug 22 18:07:40 IST 2025]; root of context hierarchy
Aug 22, 2025 6:07:40 PM org.springframework.beans.factory.xml.XmlBeanDefinitionReader loadBeanDefinitions
INFO: Loading XML bean definitions from class path resource [dataAccess-config.xml]
Aug 22, 2025 6:07:40 PM org.springframework.context.support.PropertySourcesPlaceholderConfigurer loadProperties
INFO: Loading properties file from class path resource [jdbc.properties]
Aug 22, 2025 6:07:40 PM org.hibernate.validator.internal.util.Version <clinit>
INFO: HV000001: Hibernate Validator 4.3.2.Final
Aug 22, 2025 6:07:40 PM org.springframework.web.servlet.mvc.method.annotation.RequestMappingHandlerMapping register
INFO: Mapped "{[/dashboard]}" onto public java.lang.String org.hdivsamples.controllers.DashboardController.activity(org.springframework.ui.Model,java.security.Principal)
Aug 22, 2025 6:07:40 PM org.springframework.web.servlet.mvc.method.annotation.RequestMappingHandlerMapping register
INFO: Mapped "{[/dashboard/userDetail/avatar],methods=[GET]}" onto public void org.hdivsamples.controllers.DashboardController.getImage(javax.servlet.http.HttpServletResponse,java.lang.String)
Aug 22, 2025 6:07:40 PM org.springframework.web.servlet.mvc.method.annotation.RequestMappingHandlerMapping register
INFO: Mapped "{[/dashboard/userDetail/creditCardImage],methods=[GET]}" onto public void org.hdivsamples.controllers.DashboardController.getCreditCardImage(java.lang.String,javax.servlet.http.HttpServletResponse) throws java.io.IOException
Aug 22, 2025 6:07:40 PM org.springframework.web.servlet.mvc.method.annotation.RequestMappingHandlerMapping register
INFO: Mapped "{[/dashboard/userDetail/avatar/update],methods=[POST]}" onto public java.lang.String org.hdivsamples.controllers.DashboardController.updateAvatar(org.springframework.web.multipart.MultipartFile,java.security.Principal,org.springframework.web.servlet.mvc.support.RedirectAttributes)
Aug 22, 2025 6:07:40 PM org.springframework.web.servlet.mvc.method.annotation.RequestMappingHandlerMapping register
INFO: Mapped "{[/dashboard/userDetail/certificate],methods=[POST]}" onto public void org.hdivsamples.controllers.DashboardController.getCertificate(javax.servlet.http.HttpServletResponse,org.hdivsamples.bean.Account)
Aug 22, 2025 6:07:40 PM org.springframework.web.servlet.mvc.method.annotation.RequestMappingHandlerMapping register
INFO: Mapped "{[/dashboard/userDetail/newcertificate],methods=[POST]}" onto public java.lang.String org.hdivsamples.controllers.DashboardController.processSimple(org.springframework.web.multipart.MultipartFile,org.springframework.ui.Model) throws java.lang.Exception
Aug 22, 2025 6:07:40 PM org.springframework.web.servlet.mvc.method.annotation.RequestMappingHandlerMapping register
INFO: Mapped "{[/dashboard/userDetail],methods=[GET]}" onto public java.lang.String org.hdivsamples.controllers.DashboardController.userDetail(org.springframework.ui.Model,java.security.Principal,java.lang.String)
Aug 22, 2025 6:07:40 PM org.springframework.web.servlet.mvc.method.annotation.RequestMappingHandlerMapping register
INFO: Mapped "{[/dashboard/userDetail/maliciouscertificate],methods=[POST]}" onto public void org.hdivsamples.controllers.DashboardController.getMaliciousCertificate(javax.servlet.http.HttpServletResponse,org.hdivsamples.bean.Account)
Aug 22, 2025 6:07:40 PM org.springframework.web.servlet.mvc.method.annotation.RequestMappingHandlerMapping register
INFO: Mapped "{[/transfer],methods=[POST]}" onto public java.lang.String org.hdivsamples.controllers.TransferController.transfer(org.hdivsamples.bean.Transfer,org.springframework.validation.BindingResult,org.springframework.ui.Model,java.security.Principal,java.lang.String,javax.servlet.http.HttpSession,javax.servlet.http.HttpServletResponse) throws java.io.IOException
Aug 22, 2025 6:07:40 PM org.springframework.web.servlet.mvc.method.annotation.RequestMappingHandlerMapping register
INFO: Mapped "{[/transfer]}" onto public java.lang.String org.hdivsamples.controllers.TransferController.newTransferForm(org.springframework.ui.Model,java.security.Principal,javax.servlet.http.HttpServletResponse)
Aug 22, 2025 6:07:40 PM org.springframework.web.servlet.mvc.method.annotation.RequestMappingHandlerMapping register
INFO: Mapped "{[/transfer/confirm],methods=[POST]}" onto public java.lang.String org.hdivsamples.controllers.TransferController.transferCheck(org.hdivsamples.bean.OperationConfirm,org.springframework.validation.BindingResult,org.springframework.ui.Model,java.security.Principal,java.lang.String,javax.servlet.http.HttpSession)
Aug 22, 2025 6:07:40 PM org.springframework.web.servlet.mvc.method.annotation.RequestMappingHandlerMapping register
INFO: Mapped "{[/transfer/redirect/{accountType}],methods=[GET]}" onto public java.lang.String org.hdivsamples.controllers.TransferController.transferRedirect()
Aug 22, 2025 6:07:40 PM org.springframework.web.servlet.mvc.method.annotation.RequestMappingHandlerMapping register
INFO: Mapped "{[/admin]}" onto public java.lang.String org.hdivsamples.controllers.AdminController.admin(org.springframework.ui.Model,java.security.Principal)
Aug 22, 2025 6:07:40 PM org.springframework.web.servlet.mvc.method.annotation.RequestMappingHandlerMapping register
INFO: Mapped "{[/help]}" onto public java.lang.String org.hdivsamples.controllers.HelpController.admin(org.springframework.ui.Model)
Aug 22, 2025 6:07:40 PM org.springframework.web.servlet.mvc.method.annotation.RequestMappingHandlerMapping register
INFO: Mapped "{[/activity]}" onto public java.lang.String org.hdivsamples.controllers.ActivityController.activity(org.springframework.ui.Model,java.security.Principal)
Aug 22, 2025 6:07:40 PM org.springframework.web.servlet.mvc.method.annotation.RequestMappingHandlerMapping register
INFO: Mapped "{[/activity || /activity/activity || /activity/detail],methods=[POST]}" onto public java.lang.String org.hdivsamples.controllers.ActivityController.changeAccount(org.hdivsamples.bean.CashAccount,org.springframework.validation.BindingResult,org.springframework.ui.Model,java.security.Principal)
Aug 22, 2025 6:07:40 PM org.springframework.web.servlet.mvc.method.annotation.RequestMappingHandlerMapping register
INFO: Mapped "{[/activity/{account}/detail]}" onto public java.lang.String org.hdivsamples.controllers.ActivityController.viewActivityByNumber(java.lang.String,org.springframework.ui.Model,java.security.Principal)
Aug 22, 2025 6:07:40 PM org.springframework.web.servlet.mvc.method.annotation.RequestMappingHandlerMapping register
INFO: Mapped "{[/activity/credit]}" onto public java.lang.String org.hdivsamples.controllers.ActivityController.viewActivityByCreditNumber(java.lang.String,org.springframework.ui.Model,java.security.Principal)
Aug 22, 2025 6:07:40 PM org.springframework.web.servlet.mvc.method.annotation.RequestMappingHandlerMapping register
INFO: Mapped "{[/]}" onto public java.lang.String org.hdivsamples.controllers.AuthenticationController.home(org.springframework.ui.Model)
Aug 22, 2025 6:07:40 PM org.springframework.web.servlet.mvc.method.annotation.RequestMappingHandlerMapping register
INFO: Mapped "{[/login]}" onto public java.lang.String org.hdivsamples.controllers.AuthenticationController.login(org.springframework.ui.Model)
Aug 22, 2025 6:07:40 PM org.springframework.web.servlet.mvc.method.annotation.RequestMappingHandlerMapping register
INFO: Mapped "{[/403]}" onto public java.lang.String org.hdivsamples.controllers.AuthenticationController.error403(org.springframework.ui.Model)
Aug 22, 2025 6:07:40 PM org.springframework.web.servlet.handler.SimpleUrlHandlerMapping registerHandler
INFO: Mapped URL path [/resources/**] onto handler of type [class org.springframework.web.servlet.resource.ResourceHttpRequestHandler]
Aug 22, 2025 6:07:40 PM org.springframework.web.servlet.mvc.method.annotation.RequestMappingHandlerAdapter initControllerAdviceCache
INFO: Looking for @ControllerAdvice: org.springframework.web.context.support.GenericWebApplicationContext@a4102b8: startup date [Fri Aug 22 18:07:40 IST 2025]; root of context hierarchy
Aug 22, 2025 6:07:40 PM org.springframework.jdbc.datasource.init.ScriptUtils executeSqlScript
INFO: Executing SQL script from class path resource [db/schema.sql]
Aug 22, 2025 6:07:40 PM org.springframework.jdbc.datasource.init.ScriptUtils executeSqlScript
INFO: Executed SQL script from class path resource [db/schema.sql] in 4 ms.
Aug 22, 2025 6:07:40 PM org.springframework.jdbc.datasource.init.ScriptUtils executeSqlScript
INFO: Executing SQL script from class path resource [db/dataload.sql]
Aug 22, 2025 6:07:40 PM org.springframework.jdbc.datasource.init.ScriptUtils executeSqlScript
INFO: Executed SQL script from class path resource [db/dataload.sql] in 10 ms.
Aug 22, 2025 6:07:40 PM org.springframework.mock.web.MockServletContext log
INFO: Initializing Spring FrameworkServlet ''
Aug 22, 2025 6:07:40 PM org.springframework.test.web.servlet.TestDispatcherServlet initServletBean
INFO: FrameworkServlet '': initialization started
Aug 22, 2025 6:07:40 PM org.springframework.test.web.servlet.TestDispatcherServlet initServletBean
INFO: FrameworkServlet '': initialization completed in 3 ms
]]></system-err>
  </testcase>
</testsuite>